Determining if the log exist failed with the following output:
Change Dir: /home/book/learnCMake/Step5_build/CMakeFiles/CMakeTmp

Run Build Command:"/usr/bin/make" "cmTC_854e5/fast"
/usr/bin/make -f CMakeFiles/cmTC_854e5.dir/build.make CMakeFiles/cmTC_854e5.dir/build
make[1]: Entering directory '/home/book/learnCMake/Step5_build/CMakeFiles/CMakeTmp'
Building CXX object CMakeFiles/cmTC_854e5.dir/CheckSymbolExists.cxx.o
/usr/bin/c++     -o CMakeFiles/cmTC_854e5.dir/CheckSymbolExists.cxx.o -c /home/book/learnCMake/Step5_build/CMakeFiles/CMakeTmp/CheckSymbolExists.cxx
/home/book/learnCMake/Step5_build/CMakeFiles/CMakeTmp/CheckSymbolExists.cxx: In function ‘int main(int, char**)’:
/home/book/learnCMake/Step5_build/CMakeFiles/CMakeTmp/CheckSymbolExists.cxx:8:18: error: address of overloaded function with no contextual type information
   return ((int*)(&log))[argc];
                 ~^~~~~
CMakeFiles/cmTC_854e5.dir/build.make:65: recipe for target 'CMakeFiles/cmTC_854e5.dir/CheckSymbolExists.cxx.o' failed
make[1]: *** [CMakeFiles/cmTC_854e5.dir/CheckSymbolExists.cxx.o] Error 1
make[1]: Leaving directory '/home/book/learnCMake/Step5_build/CMakeFiles/CMakeTmp'
Makefile:126: recipe for target 'cmTC_854e5/fast' failed
make: *** [cmTC_854e5/fast] Error 2

File /home/book/learnCMake/Step5_build/CMakeFiles/CMakeTmp/CheckSymbolExists.cxx:
/* */
#include <math.h>

int main(int argc, char** argv)
{
  (void)argv;
#ifndef log
  return ((int*)(&log))[argc];
#else
  (void)argc;
  return 0;
#endif
}

Determining if the exp exist failed with the following output:
Change Dir: /home/book/learnCMake/Step5_build/CMakeFiles/CMakeTmp

Run Build Command:"/usr/bin/make" "cmTC_37268/fast"
/usr/bin/make -f CMakeFiles/cmTC_37268.dir/build.make CMakeFiles/cmTC_37268.dir/build
make[1]: Entering directory '/home/book/learnCMake/Step5_build/CMakeFiles/CMakeTmp'
Building CXX object CMakeFiles/cmTC_37268.dir/CheckSymbolExists.cxx.o
/usr/bin/c++     -o CMakeFiles/cmTC_37268.dir/CheckSymbolExists.cxx.o -c /home/book/learnCMake/Step5_build/CMakeFiles/CMakeTmp/CheckSymbolExists.cxx
/home/book/learnCMake/Step5_build/CMakeFiles/CMakeTmp/CheckSymbolExists.cxx: In function ‘int main(int, char**)’:
/home/book/learnCMake/Step5_build/CMakeFiles/CMakeTmp/CheckSymbolExists.cxx:8:18: error: address of overloaded function with no contextual type information
   return ((int*)(&exp))[argc];
                 ~^~~~~
CMakeFiles/cmTC_37268.dir/build.make:65: recipe for target 'CMakeFiles/cmTC_37268.dir/CheckSymbolExists.cxx.o' failed
make[1]: *** [CMakeFiles/cmTC_37268.dir/CheckSymbolExists.cxx.o] Error 1
make[1]: Leaving directory '/home/book/learnCMake/Step5_build/CMakeFiles/CMakeTmp'
Makefile:126: recipe for target 'cmTC_37268/fast' failed
make: *** [cmTC_37268/fast] Error 2

File /home/book/learnCMake/Step5_build/CMakeFiles/CMakeTmp/CheckSymbolExists.cxx:
/* */
#include <math.h>

int main(int argc, char** argv)
{
  (void)argv;
#ifndef exp
  return ((int*)(&exp))[argc];
#else
  (void)argc;
  return 0;
#endif
}

